Arguments: 
  C:\Program Files\nodejs\node.exe C:\Program Files (x86)\Yarn\bin\yarn.js add @emotion/react @emotion/styled

PATH: 
  C:\Program Files (x86)\Common Files\Oracle\Java\javapath;C:\Program Files (x86)\Intel\iCLS Client\;C:\Program Files\Intel\iCLS Client\;C:\WINDOWS\system32;C:\WINDOWS;C:\WINDOWS\System32\Wbem;C:\WINDOWS\System32\WindowsPowerShell\v1.0\;C:\Program Files\Intel\Intel(R) Management Engine Components\DAL;C:\Program Files\Intel\Intel(R) Management Engine Components\IPT;C:\Program Files (x86)\Intel\Intel(R) Management Engine Components\DAL;C:\Program Files (x86)\Intel\Intel(R) Management Engine Components\IPT;C:\Program Files (x86)\Intel\OpenCL SDK\2.0\bin\x86;C:\Program Files (x86)\Intel\OpenCL SDK\2.0\bin\x64;C:\Program Files (x86)\Windows Live\Shared;C:\Program Files\Intel\WiFi\bin\;C:\Program Files\Common Files\Intel\WirelessCommon\;C:\WINDOWS\System32\OpenSSH\;C:\Program Files\Git\cmd;C:\Users\willian.sanches\AppData\Roaming\nvm;C:\Program Files\nodejs;C:\Program Files (x86)\Yarn\bin\;C:\Program Files\SafeNet\Authentication\SAC\x64;C:\Program Files\SafeNet\Authentication\SAC\x32;C:\ProgramData\chocolatey\bin;C:\Users\willian.sanches\AppData\Local\Microsoft\WindowsApps;C:\Users\willian.sanches\AppData\Roaming\npm;C:\Users\willian.sanches\AppData\Local\Programs\Microsoft VS Code\bin;C:\Users\willian.sanches\AppData\Local\GitHubDesktop\bin;C:\Users\willian.sanches\AppData\Roaming\nvm;C:\Program Files\nodejs;C:\Users\willian.sanches\AppData\Local\Yarn\bin

Yarn version: 
  1.22.4

Node version: 
  16.14.0

Platform: 
  win32 x64

Trace: 
  Error: https://registry.npmjs.org/@material-ui/icons/-/icons-4.11.3.tgz: ESOCKETTIMEDOUT
      at ClientRequest.<anonymous> (C:\Program Files (x86)\Yarn\lib\cli.js:141375:19)
      at Object.onceWrapper (node:events:639:28)
      at ClientRequest.emit (node:events:520:28)
      at TLSSocket.emitRequestTimeout (node:_http_client:758:9)
      at Object.onceWrapper (node:events:639:28)
      at TLSSocket.emit (node:events:532:35)
      at TLSSocket.Socket._onTimeout (node:net:501:8)
      at listOnTimeout (node:internal/timers:559:17)
      at processTimers (node:internal/timers:502:7)

npm manifest: 
  {
    "dependencies": {
      "@emotion/react": "^11.11.4",
      "@material-ui/core": "^4.12.4",
      "@material-ui/icons": "^4.11.3",
      "@mui/icons-material": "^5.15.16",
      "add": "^2.0.6"
    }
  }

yarn manifest: 
  No manifest

Lockfile: 
  # THIS IS AN AUTOGENERATED FILE. DO NOT EDIT THIS FILE DIRECTLY.
  # yarn lockfile v1
  
  
  "@babel/code-frame@^7.0.0":
    "integrity" "sha512-y5+tLQyV8pg3fsiln67BVLD1P13Eg4lh5RW9mF0zUuvLrv9uIQ4MCL+CRT+FTsBlBjcIan6PGsLcBN0m3ClUyQ=="
    "resolved" "https://registry.npmjs.org/@babel/code-frame/-/code-frame-7.24.2.tgz"
    "version" "7.24.2"
    dependencies:
      "@babel/highlight" "^7.24.2"
      "picocolors" "^1.0.0"
  
  "@babel/helper-module-imports@^7.16.7":
    "integrity" "sha512-viKb0F9f2s0BCS22QSF308z/+1YWKV/76mwt61NBzS5izMzDPwdq1pTrzf+Li3npBWX9KdQbkeCt1jSAM7lZqg=="
    "resolved" "https://registry.npmjs.org/@babel/helper-module-imports/-/helper-module-imports-7.24.3.tgz"
    "version" "7.24.3"
    dependencies:
      "@babel/types" "^7.24.0"
  
  "@babel/helper-string-parser@^7.24.1":
    "integrity" "sha512-2ofRCjnnA9y+wk8b9IAREroeUP02KHp431N2mhKniy2yKIDKpbrHv9eXwm8cBeWQYcJmzv5qKCu65P47eCF7CQ=="
    "resolved" "https://registry.npmjs.org/@babel/helper-string-parser/-/helper-string-parser-7.24.1.tgz"
    "version" "7.24.1"
  
  "@babel/helper-validator-identifier@^7.24.5":
    "integrity" "sha512-3q93SSKX2TWCG30M2G2kwaKeTYgEUp5Snjuj8qm729SObL6nbtUldAi37qbxkD5gg3xnBio+f9nqpSepGZMvxA=="
    "resolved" "https://registry.npmjs.org/@babel/helper-validator-identifier/-/helper-validator-identifier-7.24.5.tgz"
    "version" "7.24.5"
  
  "@babel/highlight@^7.24.2":
    "integrity" "sha512-8lLmua6AVh/8SLJRRVD6V8p73Hir9w5mJrhE+IPpILG31KKlI9iz5zmBYKcWPS59qSfgP9RaSBQSHHE81WKuEw=="
    "resolved" "https://registry.npmjs.org/@babel/highlight/-/highlight-7.24.5.tgz"
    "version" "7.24.5"
    dependencies:
      "@babel/helper-validator-identifier" "^7.24.5"
      "chalk" "^2.4.2"
      "js-tokens" "^4.0.0"
      "picocolors" "^1.0.0"
  
  "@babel/runtime@^7.12.5", "@babel/runtime@^7.18.3", "@babel/runtime@^7.23.9", "@babel/runtime@^7.3.1", "@babel/runtime@^7.4.4", "@babel/runtime@^7.5.5", "@babel/runtime@^7.8.3", "@babel/runtime@^7.8.7":
    "integrity" "sha512-Nms86NXrsaeU9vbBJKni6gXiEXZ4CVpYVzEjDH9Sb8vmZ3UljyA1GSOJl/6LGPO8EHLuSF9H+IxNXHPX8QHJ4g=="
    "resolved" "https://registry.npmjs.org/@babel/runtime/-/runtime-7.24.5.tgz"
    "version" "7.24.5"
    dependencies:
      "regenerator-runtime" "^0.14.0"
  
  "@babel/types@^7.24.0":
    "integrity" "sha512-6mQNsaLeXTw0nxYUYu+NSa4Hx4BlF1x1x8/PMFbiR+GBSr+2DkECc69b8hgy2frEodNcvPffeH8YfWd3LI6jhQ=="
    "resolved" "https://registry.npmjs.org/@babel/types/-/types-7.24.5.tgz"
    "version" "7.24.5"
    dependencies:
      "@babel/helper-string-parser" "^7.24.1"
      "@babel/helper-validator-identifier" "^7.24.5"
      "to-fast-properties" "^2.0.0"
  
  "@emotion/babel-plugin@^11.11.0":
    "integrity" "sha512-m4HEDZleaaCH+XgDDsPF15Ht6wTLsgDTeR3WYj9Q/k76JtWhrJjcP4+/XlG8LGT/Rol9qUfOIztXeA84ATpqPQ=="
    "resolved" "https://registry.npmjs.org/@emotion/babel-plugin/-/babel-plugin-11.11.0.tgz"
    "version" "11.11.0"
    dependencies:
      "@babel/helper-module-imports" "^7.16.7"
      "@babel/runtime" "^7.18.3"
      "@emotion/hash" "^0.9.1"
      "@emotion/memoize" "^0.8.1"
      "@emotion/serialize" "^1.1.2"
      "babel-plugin-macros" "^3.1.0"
      "convert-source-map" "^1.5.0"
      "escape-string-regexp" "^4.0.0"
      "find-root" "^1.1.0"
      "source-map" "^0.5.7"
      "stylis" "4.2.0"
  
  "@emotion/cache@^11.11.0":
    "integrity" "sha512-P34z9ssTCBi3e9EI1ZsWpNHcfY1r09ZO0rZbRO2ob3ZQMnFI35jB536qoXbkdesr5EUhYi22anuEJuyxifaqAQ=="
    "resolved" "https://registry.npmjs.org/@emotion/cache/-/cache-11.11.0.tgz"
    "version" "11.11.0"
    dependencies:
      "@emotion/memoize" "^0.8.1"
      "@emotion/sheet" "^1.2.2"
      "@emotion/utils" "^1.2.1"
      "@emotion/weak-memoize" "^0.3.1"
      "stylis" "4.2.0"
  
  "@emotion/hash@^0.8.0":
    "integrity" "sha512-kBJtf7PH6aWwZ6fka3zQ0p6SBYzx4fl1LoZXE2RrnYST9Xljm7WfKJrU4g/Xr3Beg72MLrp1AWNUmuYJTL7Cow=="
    "resolved" "https://registry.npmjs.org/@emotion/hash/-/hash-0.8.0.tgz"
    "version" "0.8.0"
  
  "@emotion/hash@^0.9.1":
    "integrity" "sha512-gJB6HLm5rYwSLI6PQa+X1t5CFGrv1J1TWG+sOyMCeKz2ojaj6Fnl/rZEspogG+cvqbt4AE/2eIyD2QfLKTBNlQ=="
    "resolved" "https://registry.npmjs.org/@emotion/hash/-/hash-0.9.1.tgz"
    "version" "0.9.1"
  
  "@emotion/memoize@^0.8.1":
    "integrity" "sha512-W2P2c/VRW1/1tLox0mVUalvnWXxavmv/Oum2aPsRcoDJuob75FC3Y8FbpfLwUegRcxINtGUMPq0tFCvYNTBXNA=="
    "resolved" "https://registry.npmjs.org/@emotion/memoize/-/memoize-0.8.1.tgz"
    "version" "0.8.1"
  
  "@emotion/react@^11.11.4", "@emotion/react@^11.4.1", "@emotion/react@^11.5.0":
    "integrity" "sha512-t8AjMlF0gHpvvxk5mAtCqR4vmxiGHCeJBaQO6gncUSdklELOgtwjerNY2yuJNfwnc6vi16U/+uMF+afIawJ9iw=="
    "resolved" "https://registry.npmjs.org/@emotion/react/-/react-11.11.4.tgz"
    "version" "11.11.4"
    dependencies:
      "@babel/runtime" "^7.18.3"
      "@emotion/babel-plugin" "^11.11.0"
      "@emotion/cache" "^11.11.0"
      "@emotion/serialize" "^1.1.3"
      "@emotion/use-insertion-effect-with-fallbacks" "^1.0.1"
      "@emotion/utils" "^1.2.1"
      "@emotion/weak-memoize" "^0.3.1"
      "hoist-non-react-statics" "^3.3.1"
  
  "@emotion/serialize@^1.1.2", "@emotion/serialize@^1.1.3":
    "integrity" "sha512-RIN04MBT8g+FnDwgvIUi8czvr1LU1alUMI05LekWB5DGyTm8cCBMCRpq3GqaiyEDRptEXOyXnvZ58GZYu4kBxQ=="
    "resolved" "https://registry.npmjs.org/@emotion/serialize/-/serialize-1.1.4.tgz"
    "version" "1.1.4"
    dependencies:
      "@emotion/hash" "^0.9.1"
      "@emotion/memoize" "^0.8.1"
      "@emotion/unitless" "^0.8.1"
      "@emotion/utils" "^1.2.1"
      "csstype" "^3.0.2"
  
  "@emotion/sheet@^1.2.2":
    "integrity" "sha512-0QBtGvaqtWi+nx6doRwDdBIzhNdZrXUppvTM4dtZZWEGTXL/XE/yJxLMGlDT1Gt+UHH5IX1n+jkXyytE/av7OA=="
    "resolved" "https://registry.npmjs.org/@emotion/sheet/-/sheet-1.2.2.tgz"
    "version" "1.2.2"
  
  "@emotion/unitless@^0.8.1":
    "integrity" "sha512-KOEGMu6dmJZtpadb476IsZBclKvILjopjUii3V+7MnXIQCYh8W3NgNcgwo21n9LXZX6EDIKvqfjYxXebDwxKmQ=="
    "resolved" "https://registry.npmjs.org/@emotion/unitless/-/unitless-0.8.1.tgz"
    "version" "0.8.1"
  
  "@emotion/use-insertion-effect-with-fallbacks@^1.0.1":
    "integrity" "sha512-jT/qyKZ9rzLErtrjGgdkMBn2OP8wl0G3sQlBb3YPryvKHsjvINUhVaPFfP+fpBcOkmrVOVEEHQFJ7nbj2TH2gw=="
    "resolved" "https://registry.npmjs.org/@emotion/use-insertion-effect-with-fallbacks/-/use-insertion-effect-with-fallbacks-1.0.1.tgz"
    "version" "1.0.1"
  
  "@emotion/utils@^1.2.1":
    "integrity" "sha512-Y2tGf3I+XVnajdItskUCn6LX+VUDmP6lTL4fcqsXAv43dnlbZiuW4MWQW38rW/BVWSE7Q/7+XQocmpnRYILUmg=="
    "resolved" "https://registry.npmjs.org/@emotion/utils/-/utils-1.2.1.tgz"
    "version" "1.2.1"
  
  "@emotion/weak-memoize@^0.3.1":
    "integrity" "sha512-EsBwpc7hBUJWAsNPBmJy4hxWx12v6bshQsldrVmjxJoc3isbxhOrF2IcCpaXxfvq03NwkI7sbsOLXbYuqF/8Ww=="
    "resolved" "https://registry.npmjs.org/@emotion/weak-memoize/-/weak-memoize-0.3.1.tgz"
    "version" "0.3.1"
  
  "@floating-ui/core@^1.0.0":
    "integrity" "sha512-42UH54oPZHPdRHdw6BgoBD6cg/eVTmVrFcgeRDM3jbO7uxSoipVcmcIGFcA5jmOHO5apcyvBhkSKES3fQJnu7A=="
    "resolved" "https://registry.npmjs.org/@floating-ui/core/-/core-1.6.1.tgz"
    "version" "1.6.1"
    dependencies:
      "@floating-ui/utils" "^0.2.0"
  
  "@floating-ui/dom@^1.0.0":
    "integrity" "sha512-0G8R+zOvQsAG1pg2Q99P21jiqxqGBW1iRe/iXHsBRBxnpXKFI8QwbB4x5KmYLggNO5m34IQgOIu9SCRfR/WWiQ=="
    "resolved" "https://registry.npmjs.org/@floating-ui/dom/-/dom-1.6.4.tgz"
    "version" "1.6.4"
    dependencies:
      "@floating-ui/core" "^1.0.0"
      "@floating-ui/utils" "^0.2.0"
  
  "@floating-ui/react-dom@^2.0.8":
    "integrity" "sha512-q0umO0+LQK4+p6aGyvzASqKbKOJcAHJ7ycE9CuUvfx3s9zTHWmGJTPOIlM/hmSBfUfg/XfY5YhLBLR/LHwShQQ=="
    "resolved" "https://registry.npmjs.org/@floating-ui/react-dom/-/react-dom-2.0.9.tgz"
    "version" "2.0.9"
    dependencies:
      "@floating-ui/dom" "^1.0.0"
  
  "@floating-ui/utils@^0.2.0":
    "integrity" "sha512-J4yDIIthosAsRZ5CPYP/jQvUAQtlZTTD/4suA08/FEnlxqW3sKS9iAhgsa9VYLZ6vDHn/ixJgIqRQPotoBjxIw=="
    "resolved" "https://registry.npmjs.org/@floating-ui/utils/-/utils-0.2.2.tgz"
    "version" "0.2.2"
  
  "@material-ui/core@^4.0.0", "@material-ui/core@^4.12.4":
    "integrity" "sha512-tr7xekNlM9LjA6pagJmL8QCgZXaubWUwkJnoYcMKd4gw/t4XiyvnTkjdGrUVicyB2BsdaAv1tvow45bPM4sSwQ=="
    "resolved" "https://registry.npmjs.org/@material-ui/core/-/core-4.12.4.tgz"
    "version" "4.12.4"
    dependencies:
      "@babel/runtime" "^7.4.4"
      "@material-ui/styles" "^4.11.5"
      "@material-ui/system" "^4.12.2"
      "@material-ui/types" "5.1.0"
      "@material-ui/utils" "^4.11.3"
      "@types/react-transition-group" "^4.2.0"
      "clsx" "^1.0.4"
      "hoist-non-react-statics" "^3.3.2"
      "popper.js" "1.16.1-lts"
      "prop-types" "^15.7.2"
      "react-is" "^16.8.0 || ^17.0.0"
      "react-transition-group" "^4.4.0"
  
  "@material-ui/icons@^4.11.3":
    "integrity" "sha512-IKHlyx6LDh8n19vzwH5RtHIOHl9Tu90aAAxcbWME6kp4dmvODM3UvOHJeMIDzUbd4muuJKHmlNoBN+mDY4XkBA=="
    "resolved" "https://registry.npmjs.org/@material-ui/icons/-/icons-4.11.3.tgz"
    "version" "4.11.3"
    dependencies:
      "@babel/runtime" "^7.4.4"
  
  "@material-ui/styles@^4.11.5":
    "integrity" "sha512-o/41ot5JJiUsIETME9wVLAJrmIWL3j0R0Bj2kCOLbSfqEkKf0fmaPt+5vtblUh5eXr2S+J/8J3DaCb10+CzPGA=="
    "resolved" "https://registry.npmjs.org/@material-ui/styles/-/styles-4.11.5.tgz"
    "version" "4.11.5"
    dependencies:
      "@babel/runtime" "^7.4.4"
      "@emotion/hash" "^0.8.0"
      "@material-ui/types" "5.1.0"
      "@material-ui/utils" "^4.11.3"
      "clsx" "^1.0.4"
      "csstype" "^2.5.2"
      "hoist-non-react-statics" "^3.3.2"
      "jss" "^10.5.1"
      "jss-plugin-camel-case" "^10.5.1"
      "jss-plugin-default-unit" "^10.5.1"
      "jss-plugin-global" "^10.5.1"
      "jss-plugin-nested" "^10.5.1"
      "jss-plugin-props-sort" "^10.5.1"
      "jss-plugin-rule-value-function" "^10.5.1"
      "jss-plugin-vendor-prefixer" "^10.5.1"
      "prop-types" "^15.7.2"
  
  "@material-ui/system@^4.12.2":
    "integrity" "sha512-6CSKu2MtmiJgcCGf6nBQpM8fLkuB9F55EKfbdTC80NND5wpTmKzwdhLYLH3zL4cLlK0gVaaltW7/wMuyTnN0Lw=="
    "resolved" "https://registry.npmjs.org/@material-ui/system/-/system-4.12.2.tgz"
    "version" "4.12.2"
    dependencies:
      "@babel/runtime" "^7.4.4"
      "@material-ui/utils" "^4.11.3"
      "csstype" "^2.5.2"
      "prop-types" "^15.7.2"
  
  "@material-ui/types@5.1.0":
    "integrity" "sha512-7cqRjrY50b8QzRSYyhSpx4WRw2YuO0KKIGQEVk5J8uoz2BanawykgZGoWEqKm7pVIbzFDN0SpPcVV4IhOFkl8A=="
    "resolved" "https://registry.npmjs.org/@material-ui/types/-/types-5.1.0.tgz"
    "version" "5.1.0"
  
  "@material-ui/utils@^4.11.3":
    "integrity" "sha512-ZuQPV4rBK/V1j2dIkSSEcH5uT6AaHuKWFfotADHsC0wVL1NLd2WkFCm4ZZbX33iO4ydl6V0GPngKm8HZQ2oujg=="
    "resolved" "https://registry.npmjs.org/@material-ui/utils/-/utils-4.11.3.tgz"
    "version" "4.11.3"
    dependencies:
      "@babel/runtime" "^7.4.4"
      "prop-types" "^15.7.2"
      "react-is" "^16.8.0 || ^17.0.0"
  
  "@mui/base@5.0.0-beta.40":
    "integrity" "sha512-I/lGHztkCzvwlXpjD2+SNmvNQvB4227xBXhISPjEaJUXGImOQ9f3D2Yj/T3KasSI/h0MLWy74X0J6clhPmsRbQ=="
    "resolved" "https://registry.npmjs.org/@mui/base/-/base-5.0.0-beta.40.tgz"
    "version" "5.0.0-beta.40"
    dependencies:
      "@babel/runtime" "^7.23.9"
      "@floating-ui/react-dom" "^2.0.8"
      "@mui/types" "^7.2.14"
      "@mui/utils" "^5.15.14"
      "@popperjs/core" "^2.11.8"
      "clsx" "^2.1.0"
      "prop-types" "^15.8.1"
  
  "@mui/core-downloads-tracker@^5.15.16":
    "integrity" "sha512-PTIbMJs5C/vYMfyJNW8ArOezh4eyHkg2pTeA7bBxh2kLP1Uzs0Nm+krXWbWGJPwTWjM8EhnDrr4aCF26+2oleg=="
    "resolved" "https://registry.npmjs.org/@mui/core-downloads-tracker/-/core-downloads-tracker-5.15.16.tgz"
    "version" "5.15.16"
  
  "@mui/icons-material@^5.15.16":
    "integrity" "sha512-s8vYbyACzTNZRKv+20fCfVXJwJqNcVotns2EKnu1wmAga6wv2LAo5kB1d5yqQqZlMFtp34EJvRXf7cy8X0tJVA=="
    "resolved" "https://registry.npmjs.org/@mui/icons-material/-/icons-material-5.15.16.tgz"
    "version" "5.15.16"
    dependencies:
      "@babel/runtime" "^7.23.9"
  
  "@mui/material@^5.0.0":
    "integrity" "sha512-ery2hFReewko9gpDBqOr2VmXwQG9ifXofPhGzIx09/b9JqCQC/06kZXZDGGrOTpIddK9HlIf4yrS+G70jPAzUQ=="
    "resolved" "https://registry.npmjs.org/@mui/material/-/material-5.15.16.tgz"
    "version" "5.15.16"
    dependencies:
      "@babel/runtime" "^7.23.9"
      "@mui/base" "5.0.0-beta.40"
      "@mui/core-downloads-tracker" "^5.15.16"
      "@mui/system" "^5.15.15"
      "@mui/types" "^7.2.14"
      "@mui/utils" "^5.15.14"
      "@types/react-transition-group" "^4.4.10"
      "clsx" "^2.1.0"
      "csstype" "^3.1.3"
      "prop-types" "^15.8.1"
      "react-is" "^18.2.0"
      "react-transition-group" "^4.4.5"
  
  "@mui/private-theming@^5.15.14":
    "integrity" "sha512-UH0EiZckOWcxiXLX3Jbb0K7rC8mxTr9L9l6QhOZxYc4r8FHUkefltV9VDGLrzCaWh30SQiJvAEd7djX3XXY6Xw=="
    "resolved" "https://registry.npmjs.org/@mui/private-theming/-/private-theming-5.15.14.tgz"
    "version" "5.15.14"
    dependencies:
      "@babel/runtime" "^7.23.9"
      "@mui/utils" "^5.15.14"
      "prop-types" "^15.8.1"
  
  "@mui/styled-engine@^5.15.14":
    "integrity" "sha512-RILkuVD8gY6PvjZjqnWhz8fu68dVkqhM5+jYWfB5yhlSQKg+2rHkmEwm75XIeAqI3qwOndK6zELK5H6Zxn4NHw=="
    "resolved" "https://registry.npmjs.org/@mui/styled-engine/-/styled-engine-5.15.14.tgz"
    "version" "5.15.14"
    dependencies:
      "@babel/runtime" "^7.23.9"
      "@emotion/cache" "^11.11.0"
      "csstype" "^3.1.3"
      "prop-types" "^15.8.1"
  
  "@mui/system@^5.15.15":
    "integrity" "sha512-aulox6N1dnu5PABsfxVGOZffDVmlxPOVgj56HrUnJE8MCSh8lOvvkd47cebIVQQYAjpwieXQXiDPj5pwM40jTQ=="
    "resolved" "https://registry.npmjs.org/@mui/system/-/system-5.15.15.tgz"
    "version" "5.15.15"
    dependencies:
      "@babel/runtime" "^7.23.9"
      "@mui/private-theming" "^5.15.14"
      "@mui/styled-engine" "^5.15.14"
      "@mui/types" "^7.2.14"
      "@mui/utils" "^5.15.14"
      "clsx" "^2.1.0"
      "csstype" "^3.1.3"
      "prop-types" "^15.8.1"
  
  "@mui/types@^7.2.14":
    "integrity" "sha512-MZsBZ4q4HfzBsywtXgM1Ksj6HDThtiwmOKUXH1pKYISI9gAVXCNHNpo7TlGoGrBaYWZTdNoirIN7JsQcQUjmQQ=="
    "resolved" "https://registry.npmjs.org/@mui/types/-/types-7.2.14.tgz"
    "version" "7.2.14"
  
  "@mui/utils@^5.15.14":
    "integrity" "sha512-0lF/7Hh/ezDv5X7Pry6enMsbYyGKjADzvHyo3Qrc/SSlTsQ1VkbDMbH0m2t3OR5iIVLwMoxwM7yGd+6FCMtTFA=="
    "resolved" "https://registry.npmjs.org/@mui/utils/-/utils-5.15.14.tgz"
    "version" "5.15.14"
    dependencies:
      "@babel/runtime" "^7.23.9"
      "@types/prop-types" "^15.7.11"
      "prop-types" "^15.8.1"
      "react-is" "^18.2.0"
  
  "@popperjs/core@^2.11.8":
    "integrity" "sha512-P1st0aksCrn9sGZhp8GMYwBnQsbvAWsZAX44oXNNvLHGqAOcoVxmjZiohstwQ7SqKnbR47akdNi+uleWD8+g6A=="
    "resolved" "https://registry.npmjs.org/@popperjs/core/-/core-2.11.8.tgz"
    "version" "2.11.8"
  
  "@types/parse-json@^4.0.0":
    "integrity" "sha512-dISoDXWWQwUquiKsyZ4Ng+HX2KsPL7LyHKHQwgGFEA3IaKac4Obd+h2a/a6waisAoepJlBcx9paWqjA8/HVjCw=="
    "resolved" "https://registry.npmjs.org/@types/parse-json/-/parse-json-4.0.2.tgz"
    "version" "4.0.2"
  
  "@types/prop-types@*", "@types/prop-types@^15.7.11":
    "integrity" "sha512-5zvhXYtRNRluoE/jAp4GVsSduVUzNWKkOZrCDBWYtE7biZywwdC2AcEzg+cSMLFRfVgeAFqpfNabiPjxFddV1Q=="
    "resolved" "https://registry.npmjs.org/@types/prop-types/-/prop-types-15.7.12.tgz"
    "version" "15.7.12"
  
  "@types/react-transition-group@^4.2.0", "@types/react-transition-group@^4.4.10":
    "integrity" "sha512-hT/+s0VQs2ojCX823m60m5f0sL5idt9SO6Tj6Dg+rdphGPIeJbJ6CxvBYkgkGKrYeDjvIpKTR38UzmtHJOGW3Q=="
    "resolved" "https://registry.npmjs.org/@types/react-transition-group/-/react-transition-group-4.4.10.tgz"
    "version" "4.4.10"
    dependencies:
      "@types/react" "*"
  
  "@types/react@*", "@types/react@^16.8.6 || ^17.0.0", "@types/react@^17.0.0 || ^18.0.0":
    "integrity" "sha512-LrgHIu2lEtIo8M7d1FcI3BdwXWoRQwMoXOZ7+dPTW0lYREjmlHl3P0U1VD0i/9tppOuv8/sam7sOjx34TxSFbA=="
    "resolved" "https://registry.npmjs.org/@types/react/-/react-17.0.80.tgz"
    "version" "17.0.80"
    dependencies:
      "@types/prop-types" "*"
      "@types/scheduler" "^0.16"
      "csstype" "^3.0.2"
  
  "@types/scheduler@^0.16":
    "integrity" "sha512-WZLiwShhwLRmeV6zH+GkbOFT6Z6VklCItrDioxUnv+u4Ll+8vKeFySoFyK/0ctcRpOmwAicELfmys1sDc/Rw+A=="
    "resolved" "https://registry.npmjs.org/@types/scheduler/-/scheduler-0.16.8.tgz"
    "version" "0.16.8"
  
  "add@^2.0.6":
    "integrity" "sha512-j5QzrmsokwWWp6kUcJQySpbG+xfOBqqKnup3OIk1pz+kB/80SLorZ9V8zHFLO92Lcd+hbvq8bT+zOGoPkmBV0Q=="
    "resolved" "https://registry.npmjs.org/add/-/add-2.0.6.tgz"
    "version" "2.0.6"
  
  "ansi-styles@^3.2.1":
    "integrity" "sha512-VT0ZI6kZRdTh8YyJw3SMbYm/u+NqfsAxEpWO0Pf9sq8/e94WxxOpPKx9FR1FlyCtOVDNOQ+8ntlqFxiRc+r5qA=="
    "resolved" "https://registry.npmjs.org/ansi-styles/-/ansi-styles-3.2.1.tgz"
    "version" "3.2.1"
    dependencies:
      "color-convert" "^1.9.0"
  
  "babel-plugin-macros@^3.1.0":
    "integrity" "sha512-Cg7TFGpIr01vOQNODXOOaGz2NpCU5gl8x1qJFbb6hbZxR7XrcE2vtbAsTAbJ7/xwJtUuJEw8K8Zr/AE0LHlesg=="
    "resolved" "https://registry.npmjs.org/babel-plugin-macros/-/babel-plugin-macros-3.1.0.tgz"
    "version" "3.1.0"
    dependencies:
      "@babel/runtime" "^7.12.5"
      "cosmiconfig" "^7.0.0"
      "resolve" "^1.19.0"
  
  "callsites@^3.0.0":
    "integrity" "sha512-P8BjAsXvZS+VIDUI11hHCQEv74YT67YUi5JJFNWIqL235sBmjX4+qx9Muvls5ivyNENctx46xQLQ3aTuE7ssaQ=="
    "resolved" "https://registry.npmjs.org/callsites/-/callsites-3.1.0.tgz"
    "version" "3.1.0"
  
  "chalk@^2.4.2":
    "integrity" "sha512-Mti+f9lpJNcwF4tWV8/OrTTtF1gZi+f8FqlyAdouralcFWFQWF2+NgCHShjkCb+IFBLq9buZwE1xckQU4peSuQ=="
    "resolved" "https://registry.npmjs.org/chalk/-/chalk-2.4.2.tgz"
    "version" "2.4.2"
    dependencies:
      "ansi-styles" "^3.2.1"
      "escape-string-regexp" "^1.0.5"
      "supports-color" "^5.3.0"
  
  "clsx@^1.0.4":
    "integrity" "sha512-EcR6r5a8bj6pu3ycsa/E/cKVGuTgZJZdsyUYHOksG/UHIiKfjxzRxYJpyVBwYaQeOvghal9fcc4PidlgzugAQg=="
    "resolved" "https://registry.npmjs.org/clsx/-/clsx-1.2.1.tgz"
    "version" "1.2.1"
  
  "clsx@^2.1.0":
    "integrity" "sha512-eYm0QWBtUrBWZWG0d386OGAw16Z995PiOVo2B7bjWSbHedGl5e0ZWaq65kOGgUSNesEIDkB9ISbTg/JK9dhCZA=="
    "resolved" "https://registry.npmjs.org/clsx/-/clsx-2.1.1.tgz"
    "version" "2.1.1"
  
  "color-convert@^1.9.0":
    "integrity" "sha512-QfAUtd+vFdAtFQcC8CCyYt1fYWxSqAiK2cSD6zDB8N3cpsEBAvRxp9zOGg6G/SHHJYAT88/az/IuDGALsNVbGg=="
    "resolved" "https://registry.npmjs.org/color-convert/-/color-convert-1.9.3.tgz"
    "version" "1.9.3"
    dependencies:
      "color-name" "1.1.3"
  
  "color-name@1.1.3":
    "integrity" "sha512-72fSenhMw2HZMTVHeCA9KCmpEIbzWiQsjN+BHcBbS9vr1mtt+vJjPdksIBNUmKAW8TFUDPJK5SUU3QhE9NEXDw=="
    "resolved" "https://registry.npmjs.org/color-name/-/color-name-1.1.3.tgz"
    "version" "1.1.3"
  
  "convert-source-map@^1.5.0":
    "integrity" "sha512-ASFBup0Mz1uyiIjANan1jzLQami9z1PoYSZCiiYW2FczPbenXc45FZdBZLzOT+r6+iciuEModtmCti+hjaAk0A=="
    "resolved" "https://registry.npmjs.org/convert-source-map/-/convert-source-map-1.9.0.tgz"
    "version" "1.9.0"
  
  "cosmiconfig@^7.0.0":
    "integrity" "sha512-AdmX6xUzdNASswsFtmwSt7Vj8po9IuqXm0UXz7QKPuEUmPB4XyjGfaAr2PSuELMwkRMVH1EpIkX5bTZGRB3eCA=="
    "resolved" "https://registry.npmjs.org/cosmiconfig/-/cosmiconfig-7.1.0.tgz"
    "version" "7.1.0"
    dependencies:
      "@types/parse-json" "^4.0.0"
      "import-fresh" "^3.2.1"
      "parse-json" "^5.0.0"
      "path-type" "^4.0.0"
      "yaml" "^1.10.0"
  
  "css-vendor@^2.0.8":
    "integrity" "sha512-x9Aq0XTInxrkuFeHKbYC7zWY8ai7qJ04Kxd9MnvbC1uO5DagxoHQjm4JvG+vCdXOoFtCjbL2XSZfxmoYa9uQVQ=="
    "resolved" "https://registry.npmjs.org/css-vendor/-/css-vendor-2.0.8.tgz"
    "version" "2.0.8"
    dependencies:
      "@babel/runtime" "^7.8.3"
      "is-in-browser" "^1.0.2"
  
  "csstype@^2.5.2":
    "integrity" "sha512-Z1PhmomIfypOpoMjRQB70jfvy/wxT50qW08YXO5lMIJkrdq4yOTR+AW7FqutScmB9NkLwxo+jU+kZLbofZZq/w=="
    "resolved" "https://registry.npmjs.org/csstype/-/csstype-2.6.21.tgz"
    "version" "2.6.21"
  
  "csstype@^3.0.2":
    "integrity" "sha512-M1uQkMl8rQK/szD0LNhtqxIPLpimGm8sOBwU7lLnCpSbTyY3yeU1Vc7l4KT5zT4s/yOxHH5O7tIuuLOCnLADRw=="
    "resolved" "https://registry.npmjs.org/csstype/-/csstype-3.1.3.tgz"
    "version" "3.1.3"
  
  "csstype@^3.1.3":
    "integrity" "sha512-M1uQkMl8rQK/szD0LNhtqxIPLpimGm8sOBwU7lLnCpSbTyY3yeU1Vc7l4KT5zT4s/yOxHH5O7tIuuLOCnLADRw=="
    "resolved" "https://registry.npmjs.org/csstype/-/csstype-3.1.3.tgz"
    "version" "3.1.3"
  
  "dom-helpers@^5.0.1":
    "integrity" "sha512-nRCa7CK3VTrM2NmGkIy4cbK7IZlgBE/PYMn55rrXefr5xXDP0LdtfPnblFDoVdcAfslJ7or6iqAUnx0CCGIWQA=="
    "resolved" "https://registry.npmjs.org/dom-helpers/-/dom-helpers-5.2.1.tgz"
    "version" "5.2.1"
    dependencies:
      "@babel/runtime" "^7.8.7"
      "csstype" "^3.0.2"
  
  "error-ex@^1.3.1":
    "integrity" "sha512-7dFHNmqeFSEt2ZBsCriorKnn3Z2pj+fd9kmI6QoWw4//DL+icEBfc0U7qJCisqrTsKTjw4fNFy2pW9OqStD84g=="
    "resolved" "https://registry.npmjs.org/error-ex/-/error-ex-1.3.2.tgz"
    "version" "1.3.2"
    dependencies:
      "is-arrayish" "^0.2.1"
  
  "escape-string-regexp@^1.0.5":
    "integrity" "sha512-vbRorB5FUQWvla16U8R/qgaFIya2qGzwDrNmCZuYKrbdSUMG6I1ZCGQRefkRVhuOkIGVne7BQ35DSfo1qvJqFg=="
    "resolved" "https://registry.npmjs.org/escape-string-regexp/-/escape-string-regexp-1.0.5.tgz"
    "version" "1.0.5"
  
  "escape-string-regexp@^4.0.0":
    "integrity" "sha512-TtpcNJ3XAzx3Gq8sWRzJaVajRs0uVxA2YAkdb1jm2YkPz4G6egUFAyA3n5vtEIZefPk5Wa4UXbKuS5fKkJWdgA=="
    "resolved" "https://registry.npmjs.org/escape-string-regexp/-/escape-string-regexp-4.0.0.tgz"
    "version" "4.0.0"
  
  "find-root@^1.1.0":
    "integrity" "sha512-NKfW6bec6GfKc0SGx1e07QZY9PE99u0Bft/0rzSD5k3sO/vwkVUpDUKVm5Gpp5Ue3YfShPFTX2070tDs5kB9Ng=="
    "resolved" "https://registry.npmjs.org/find-root/-/find-root-1.1.0.tgz"
    "version" "1.1.0"
  
  "function-bind@^1.1.2":
    "integrity" "sha512-7XHNxH7qX9xG5mIwxkhumTox/MIRNcOgDrxWsMt2pAr23WHp6MrRlN7FBSFpCpr+oVO0F744iUgR82nJMfG2SA=="
    "resolved" "https://registry.npmjs.org/function-bind/-/function-bind-1.1.2.tgz"
    "version" "1.1.2"
  
  "has-flag@^3.0.0":
    "integrity" "sha512-sKJf1+ceQBr4SMkvQnBDNDtf4TXpVhVGateu0t918bl30FnbE2m4vNLX+VWe/dpjlb+HugGYzW7uQXH98HPEYw=="
    "resolved" "https://registry.npmjs.org/has-flag/-/has-flag-3.0.0.tgz"
    "version" "3.0.0"
  
  "hasown@^2.0.0":
    "integrity" "sha512-0hJU9SCPvmMzIBdZFqNPXWa6dqh7WdH0cII9y+CyS8rG3nL48Bclra9HmKhVVUHyPWNH5Y7xDwAB7bfgSjkUMQ=="
    "resolved" "https://registry.npmjs.org/hasown/-/hasown-2.0.2.tgz"
    "version" "2.0.2"
    dependencies:
      "function-bind" "^1.1.2"
  
  "hoist-non-react-statics@^3.3.1", "hoist-non-react-statics@^3.3.2":
    "integrity" "sha512-/gGivxi8JPKWNm/W0jSmzcMPpfpPLc3dY/6GxhX2hQ9iGj3aDfklV4ET7NjKpSinLpJ5vafa9iiGIEZg10SfBw=="
    "resolved" "https://registry.npmjs.org/hoist-non-react-statics/-/hoist-non-react-statics-3.3.2.tgz"
    "version" "3.3.2"
    dependencies:
      "react-is" "^16.7.0"
  
  "hyphenate-style-name@^1.0.3":
    "integrity" "sha512-ygGZLjmXfPHj+ZWh6LwbC37l43MhfztxetbFCoYTM2VjkIUpeHgSNn7QIyVFj7YQ1Wl9Cbw5sholVJPzWvC2MQ=="
    "resolved" "https://registry.npmjs.org/hyphenate-style-name/-/hyphenate-style-name-1.0.4.tgz"
    "version" "1.0.4"
  
  "import-fresh@^3.2.1":
    "integrity" "sha512-veYYhQa+D1QBKznvhUHxb8faxlrwUnxseDAbAp457E0wLNio2bOSKnjYDhMj+YiAq61xrMGhQk9iXVk5FzgQMw=="
    "resolved" "https://registry.npmjs.org/import-fresh/-/import-fresh-3.3.0.tgz"
    "version" "3.3.0"
    dependencies:
      "parent-module" "^1.0.0"
      "resolve-from" "^4.0.0"
  
  "is-arrayish@^0.2.1":
    "integrity" "sha512-zz06S8t0ozoDXMG+ube26zeCTNXcKIPJZJi8hBrF4idCLms4CG9QtK7qBl1boi5ODzFpjswb5JPmHCbMpjaYzg=="
    "resolved" "https://registry.npmjs.org/is-arrayish/-/is-arrayish-0.2.1.tgz"
    "version" "0.2.1"
  
  "is-core-module@^2.13.0":
    "integrity" "sha512-hHrIjvZsftOsvKSn2TRYl63zvxsgE0K+0mYMoH6gD4omR5IWB2KynivBQczo3+wF1cCkjzvptnI9Q0sPU66ilw=="
    "resolved" "https://registry.npmjs.org/is-core-module/-/is-core-module-2.13.1.tgz"
    "version" "2.13.1"
    dependencies:
      "hasown" "^2.0.0"
  
  "is-in-browser@^1.0.2", "is-in-browser@^1.1.3":
    "integrity" "sha512-FeXIBgG/CPGd/WUxuEyvgGTEfwiG9Z4EKGxjNMRqviiIIfsmgrpnHLffEDdwUHqNva1VEW91o3xBT/m8Elgl9g=="
    "resolved" "https://registry.npmjs.org/is-in-browser/-/is-in-browser-1.1.3.tgz"
    "version" "1.1.3"
  
  "js-tokens@^3.0.0 || ^4.0.0", "js-tokens@^4.0.0":
    "integrity" "sha512-RdJUflcE3cUzKiMqQgsCu06FPu9UdIJO0beYbPhHN4k6apgJtifcoCtT9bcxOpYBtpD2kCM6Sbzg4CausW/PKQ=="
    "resolved" "https://registry.npmjs.org/js-tokens/-/js-tokens-4.0.0.tgz"
    "version" "4.0.0"
  
  "json-parse-even-better-errors@^2.3.0":
    "integrity" "sha512-xyFwyhro/JEof6Ghe2iz2NcXoj2sloNsWr/XsERDK/oiPCfaNhl5ONfp+jQdAZRQQ0IJWNzH9zIZF7li91kh2w=="
    "resolved" "https://registry.npmjs.org/json-parse-even-better-errors/-/json-parse-even-better-errors-2.3.1.tgz"
    "version" "2.3.1"
  
  "jss-plugin-camel-case@^10.5.1":
    "integrity" "sha512-z+HETfj5IYgFxh1wJnUAU8jByI48ED+v0fuTuhKrPR+pRBYS2EDwbusU8aFOpCdYhtRc9zhN+PJ7iNE8pAWyPw=="
    "resolved" "https://registry.npmjs.org/jss-plugin-camel-case/-/jss-plugin-camel-case-10.10.0.tgz"
    "version" "10.10.0"
    dependencies:
      "@babel/runtime" "^7.3.1"
      "hyphenate-style-name" "^1.0.3"
      "jss" "10.10.0"
  
  "jss-plugin-default-unit@^10.5.1":
    "integrity" "sha512-SvpajxIECi4JDUbGLefvNckmI+c2VWmP43qnEy/0eiwzRUsafg5DVSIWSzZe4d2vFX1u9nRDP46WCFV/PXVBGQ=="
    "resolved" "https://registry.npmjs.org/jss-plugin-default-unit/-/jss-plugin-default-unit-10.10.0.tgz"
    "version" "10.10.0"
    dependencies:
      "@babel/runtime" "^7.3.1"
      "jss" "10.10.0"
  
  "jss-plugin-global@^10.5.1":
    "integrity" "sha512-icXEYbMufiNuWfuazLeN+BNJO16Ge88OcXU5ZDC2vLqElmMybA31Wi7lZ3lf+vgufRocvPj8443irhYRgWxP+A=="
    "resolved" "https://registry.npmjs.org/jss-plugin-global/-/jss-plugin-global-10.10.0.tgz"
    "version" "10.10.0"
    dependencies:
      "@babel/runtime" "^7.3.1"
      "jss" "10.10.0"
  
  "jss-plugin-nested@^10.5.1":
    "integrity" "sha512-9R4JHxxGgiZhurDo3q7LdIiDEgtA1bTGzAbhSPyIOWb7ZubrjQe8acwhEQ6OEKydzpl8XHMtTnEwHXCARLYqYA=="
    "resolved" "https://registry.npmjs.org/jss-plugin-nested/-/jss-plugin-nested-10.10.0.tgz"
    "version" "10.10.0"
    dependencies:
      "@babel/runtime" "^7.3.1"
      "jss" "10.10.0"
      "tiny-warning" "^1.0.2"
  
  "jss-plugin-props-sort@^10.5.1":
    "integrity" "sha512-5VNJvQJbnq/vRfje6uZLe/FyaOpzP/IH1LP+0fr88QamVrGJa0hpRRyAa0ea4U/3LcorJfBFVyC4yN2QC73lJg=="
    "resolved" "https://registry.npmjs.org/jss-plugin-props-sort/-/jss-plugin-props-sort-10.10.0.tgz"
    "version" "10.10.0"
    dependencies:
      "@babel/runtime" "^7.3.1"
      "jss" "10.10.0"
  
  "jss-plugin-rule-value-function@^10.5.1":
    "integrity" "sha512-uEFJFgaCtkXeIPgki8ICw3Y7VMkL9GEan6SqmT9tqpwM+/t+hxfMUdU4wQ0MtOiMNWhwnckBV0IebrKcZM9C0g=="
    "resolved" "https://registry.npmjs.org/jss-plugin-rule-value-function/-/jss-plugin-rule-value-function-10.10.0.tgz"
    "version" "10.10.0"
    dependencies:
      "@babel/runtime" "^7.3.1"
      "jss" "10.10.0"
      "tiny-warning" "^1.0.2"
  
  "jss-plugin-vendor-prefixer@^10.5.1":
    "integrity" "sha512-UY/41WumgjW8r1qMCO8l1ARg7NHnfRVWRhZ2E2m0DMYsr2DD91qIXLyNhiX83hHswR7Wm4D+oDYNC1zWCJWtqg=="
    "resolved" "https://registry.npmjs.org/jss-plugin-vendor-prefixer/-/jss-plugin-vendor-prefixer-10.10.0.tgz"
    "version" "10.10.0"
    dependencies:
      "@babel/runtime" "^7.3.1"
      "css-vendor" "^2.0.8"
      "jss" "10.10.0"
  
  "jss@^10.5.1", "jss@10.10.0":
    "integrity" "sha512-cqsOTS7jqPsPMjtKYDUpdFC0AbhYFLTcuGRqymgmdJIeQ8cH7+AgX7YSgQy79wXloZq2VvATYxUOUQEvS1V/Zw=="
    "resolved" "https://registry.npmjs.org/jss/-/jss-10.10.0.tgz"
    "version" "10.10.0"
    dependencies:
      "@babel/runtime" "^7.3.1"
      "csstype" "^3.0.2"
      "is-in-browser" "^1.1.3"
      "tiny-warning" "^1.0.2"
  
  "lines-and-columns@^1.1.6":
    "integrity" "sha512-7ylylesZQ/PV29jhEDl3Ufjo6ZX7gCqJr5F7PKrqc93v7fzSymt1BpwEU8nAUXs8qzzvqhbjhK5QZg6Mt/HkBg=="
    "resolved" "https://registry.npmjs.org/lines-and-columns/-/lines-and-columns-1.2.4.tgz"
    "version" "1.2.4"
  
  "loose-envify@^1.1.0", "loose-envify@^1.4.0":
    "integrity" "sha512-lyuxPGr/Wfhrlem2CL/UcnUc1zcqKAImBDzukY7Y5F/yQiNdko6+fRLevlw1HgMySw7f611UIY408EtxRSoK3Q=="
    "resolved" "https://registry.npmjs.org/loose-envify/-/loose-envify-1.4.0.tgz"
    "version" "1.4.0"
    dependencies:
      "js-tokens" "^3.0.0 || ^4.0.0"
  
  "object-assign@^4.1.1":
    "integrity" "sha512-rJgTQnkUnH1sFw8yT6VSU3zD3sWmu6sZhIseY8VX+GRu3P6F7Fu+JNDoXfklElbLJSnc3FUQHVe4cU5hj+BcUg=="
    "resolved" "https://registry.npmjs.org/object-assign/-/object-assign-4.1.1.tgz"
    "version" "4.1.1"
  
  "parent-module@^1.0.0":
    "integrity" "sha512-GQ2EWRpQV8/o+Aw8YqtfZZPfNRWZYkbidE9k5rpl/hC3vtHHBfGm2Ifi6qWV+coDGkrUKZAxE3Lot5kcsRlh+g=="
    "resolved" "https://registry.npmjs.org/parent-module/-/parent-module-1.0.1.tgz"
    "version" "1.0.1"
    dependencies:
      "callsites" "^3.0.0"
  
  "parse-json@^5.0.0":
    "integrity" "sha512-ayCKvm/phCGxOkYRSCM82iDwct8/EonSEgCSxWxD7ve6jHggsFl4fZVQBPRNgQoKiuV/odhFrGzQXZwbifC8Rg=="
    "resolved" "https://registry.npmjs.org/parse-json/-/parse-json-5.2.0.tgz"
    "version" "5.2.0"
    dependencies:
      "@babel/code-frame" "^7.0.0"
      "error-ex" "^1.3.1"
      "json-parse-even-better-errors" "^2.3.0"
      "lines-and-columns" "^1.1.6"
  
  "path-parse@^1.0.7":
    "integrity" "sha512-LDJzPVEEEPR+y48z93A0Ed0yXb8pAByGWo/k5YYdYgpY2/2EsOsksJrq7lOHxryrVOn1ejG6oAp8ahvOIQD8sw=="
    "resolved" "https://registry.npmjs.org/path-parse/-/path-parse-1.0.7.tgz"
    "version" "1.0.7"
  
  "path-type@^4.0.0":
    "integrity" "sha512-gDKb8aZMDeD/tZWs9P6+q0J9Mwkdl6xMV8TjnGP3qJVJ06bdMgkbBlLU8IdfOsIsFz2BW1rNVT3XuNEl8zPAvw=="
    "resolved" "https://registry.npmjs.org/path-type/-/path-type-4.0.0.tgz"
    "version" "4.0.0"
  
  "picocolors@^1.0.0":
    "integrity" "sha512-1fygroTLlHu66zi26VoTDv8yRgm0Fccecssto+MhsZ0D/DGW2sm8E8AjW7NU5VVTRt5GxbeZ5qBuJr+HyLYkjQ=="
    "resolved" "https://registry.npmjs.org/picocolors/-/picocolors-1.0.0.tgz"
    "version" "1.0.0"
  
  "popper.js@1.16.1-lts":
    "integrity" "sha512-Kjw8nKRl1m+VrSFCoVGPph93W/qrSO7ZkqPpTf7F4bk/sqcfWK019dWBUpE/fBOsOQY1dks/Bmcbfn1heM/IsA=="
    "resolved" "https://registry.npmjs.org/popper.js/-/popper.js-1.16.1-lts.tgz"
    "version" "1.16.1-lts"
  
  "prop-types@^15.6.2", "prop-types@^15.7.2", "prop-types@^15.8.1":
    "integrity" "sha512-oj87CgZICdulUohogVAR7AjlC0327U4el4L6eAvOqCeudMDVU0NThNaV+b9Df4dXgSP1gXMTnPdhfe/2qDH5cg=="
    "resolved" "https://registry.npmjs.org/prop-types/-/prop-types-15.8.1.tgz"
    "version" "15.8.1"
    dependencies:
      "loose-envify" "^1.4.0"
      "object-assign" "^4.1.1"
      "react-is" "^16.13.1"
  
  "react-dom@^16.8.0 || ^17.0.0", "react-dom@^17.0.0 || ^18.0.0", "react-dom@>=16.6.0", "react-dom@>=16.8.0":
    "integrity" "sha512-s4h96KtLDUQlsENhMn1ar8t2bEa+q/YAtj8pPPdIjPDGBDIVNsrD9aXNWqspUe6AzKCIG0C1HZZLqLV7qpOBGA=="
    "resolved" "https://registry.npmjs.org/react-dom/-/react-dom-17.0.2.tgz"
    "version" "17.0.2"
    dependencies:
      "loose-envify" "^1.1.0"
      "object-assign" "^4.1.1"
      "scheduler" "^0.20.2"
  
  "react-is@^16.13.1":
    "integrity" "sha512-24e6ynE2H+OKt4kqsOvNd8kBpV65zoxbA4BVsEOB3ARVWQki/DHzaUoC5KuON/BiccDaCCTZBuOcfZs70kR8bQ=="
    "resolved" "https://registry.npmjs.org/react-is/-/react-is-16.13.1.tgz"
    "version" "16.13.1"
  
  "react-is@^16.7.0":
    "integrity" "sha512-24e6ynE2H+OKt4kqsOvNd8kBpV65zoxbA4BVsEOB3ARVWQki/DHzaUoC5KuON/BiccDaCCTZBuOcfZs70kR8bQ=="
    "resolved" "https://registry.npmjs.org/react-is/-/react-is-16.13.1.tgz"
    "version" "16.13.1"
  
  "react-is@^16.8.0 || ^17.0.0":
    "integrity" "sha512-w2GsyukL62IJnlaff/nRegPQR94C/XXamvMWmSHRJ4y7Ts/4ocGRmTHvOs8PSE6pB3dWOrD/nueuU5sduBsQ4w=="
    "resolved" "https://registry.npmjs.org/react-is/-/react-is-17.0.2.tgz"
    "version" "17.0.2"
  
  "react-is@^18.2.0":
    "integrity" "sha512-/LLMVyas0ljjAtoYiPqYiL8VWXzUUdThrmU5+n20DZv+a+ClRoevUzw5JxU+Ieh5/c87ytoTBV9G1FiKfNJdmg=="
    "resolved" "https://registry.npmjs.org/react-is/-/react-is-18.3.1.tgz"
    "version" "18.3.1"
  
  "react-transition-group@^4.4.0", "react-transition-group@^4.4.5":
    "integrity" "sha512-pZcd1MCJoiKiBR2NRxeCRg13uCXbydPnmB4EOeRrY7480qNWO8IIgQG6zlDkm6uRMsURXPuKq0GWtiM59a5Q6g=="
    "resolved" "https://registry.npmjs.org/react-transition-group/-/react-transition-group-4.4.5.tgz"
    "version" "4.4.5"
    dependencies:
      "@babel/runtime" "^7.5.5"
      "dom-helpers" "^5.0.1"
      "loose-envify" "^1.4.0"
      "prop-types" "^15.6.2"
  
  "react@^16.8.0 || ^17.0.0", "react@^17.0.0 || ^18.0.0", "react@>=16.6.0", "react@>=16.8.0", "react@17.0.2":
    "integrity" "sha512-gnhPt75i/dq/z3/6q/0asP78D0u592D5L1pd7M8P+dck6Fu/jJeL6iVVK23fptSUZj8Vjf++7wXA8UNclGQcbA=="
    "resolved" "https://registry.npmjs.org/react/-/react-17.0.2.tgz"
    "version" "17.0.2"
    dependencies:
      "loose-envify" "^1.1.0"
      "object-assign" "^4.1.1"
  
  "regenerator-runtime@^0.14.0":
    "integrity" "sha512-dYnhHh0nJoMfnkZs6GmmhFknAGRrLznOu5nc9ML+EJxGvrx6H7teuevqVqCuPcPK//3eDrrjQhehXVx9cnkGdw=="
    "resolved" "https://registry.npmjs.org/regenerator-runtime/-/regenerator-runtime-0.14.1.tgz"
    "version" "0.14.1"
  
  "resolve-from@^4.0.0":
    "integrity" "sha512-pb/MYmXstAkysRFx8piNI1tGFNQIFA3vkE3Gq4EuA1dF6gHp/+vgZqsCGJapvy8N3Q+4o7FwvquPJcnZ7RYy4g=="
    "resolved" "https://registry.npmjs.org/resolve-from/-/resolve-from-4.0.0.tgz"
    "version" "4.0.0"
  
  "resolve@^1.19.0":
    "integrity" "sha512-oKWePCxqpd6FlLvGV1VU0x7bkPmmCNolxzjMf4NczoDnQcIWrAF+cPtZn5i6n+RfD2d9i0tzpKnG6Yk168yIyw=="
    "resolved" "https://registry.npmjs.org/resolve/-/resolve-1.22.8.tgz"
    "version" "1.22.8"
    dependencies:
      "is-core-module" "^2.13.0"
      "path-parse" "^1.0.7"
      "supports-preserve-symlinks-flag" "^1.0.0"
  
  "scheduler@^0.20.2":
    "integrity" "sha512-2eWfGgAqqWFGqtdMmcL5zCMK1U8KlXv8SQFGglL3CEtd0aDVDWgeF/YoCmvln55m5zSk3J/20hTaSBeSObsQDQ=="
    "resolved" "https://registry.npmjs.org/scheduler/-/scheduler-0.20.2.tgz"
    "version" "0.20.2"
    dependencies:
      "loose-envify" "^1.1.0"
      "object-assign" "^4.1.1"
  
  "source-map@^0.5.7":
    "integrity" "sha512-LbrmJOMUSdEVxIKvdcJzQC+nQhe8FUZQTXQy6+I75skNgn3OoQ0DZA8YnFa7gp8tqtL3KPf1kmo0R5DoApeSGQ=="
    "resolved" "https://registry.npmjs.org/source-map/-/source-map-0.5.7.tgz"
    "version" "0.5.7"
  
  "stylis@4.2.0":
    "integrity" "sha512-Orov6g6BB1sDfYgzWfTHDOxamtX1bE/zo104Dh9e6fqJ3PooipYyfJ0pUmrZO2wAvO8YbEyeFrkV91XTsGMSrw=="
    "resolved" "https://registry.npmjs.org/stylis/-/stylis-4.2.0.tgz"
    "version" "4.2.0"
  
  "supports-color@^5.3.0":
    "integrity" "sha512-QjVjwdXIt408MIiAqCX4oUKsgU2EqAGzs2Ppkm4aQYbjm+ZEWEcW4SfFNTr4uMNZma0ey4f5lgLrkB0aX0QMow=="
    "resolved" "https://registry.npmjs.org/supports-color/-/supports-color-5.5.0.tgz"
    "version" "5.5.0"
    dependencies:
      "has-flag" "^3.0.0"
  
  "supports-preserve-symlinks-flag@^1.0.0":
    "integrity" "sha512-ot0WnXS9fgdkgIcePe6RHNk1WA8+muPa6cSjeR3V8K27q9BB1rTE3R1p7Hv0z1ZyAc8s6Vvv8DIyWf681MAt0w=="
    "resolved" "https://registry.npmjs.org/supports-preserve-symlinks-flag/-/supports-preserve-symlinks-flag-1.0.0.tgz"
    "version" "1.0.0"
  
  "tiny-warning@^1.0.2":
    "integrity" "sha512-lBN9zLN/oAf68o3zNXYrdCt1kP8WsiGW8Oo2ka41b2IM5JL/S1CTyX1rW0mb/zSuJun0ZUrDxx4sqvYS2FWzPA=="
    "resolved" "https://registry.npmjs.org/tiny-warning/-/tiny-warning-1.0.3.tgz"
    "version" "1.0.3"
  
  "to-fast-properties@^2.0.0":
    "integrity" "sha512-/OaKK0xYrs3DmxRYqL/yDc+FxFUVYhDlXMhRmv3z915w2HF1tnN1omB354j8VUGO/hbRzyD6Y3sA7v7GS/ceog=="
    "resolved" "https://registry.npmjs.org/to-fast-properties/-/to-fast-properties-2.0.0.tgz"
    "version" "2.0.0"
  
  "yaml@^1.10.0":
    "integrity" "sha512-r3vXyErRCYJ7wg28yvBY5VSoAF8ZvlcW9/BwUzEtUsjvX/DKs24dIkuwjtuprwJJHsbyUbLApepYTR1BN4uHrg=="
    "resolved" "https://registry.npmjs.org/yaml/-/yaml-1.10.2.tgz"
    "version" "1.10.2"
